Fri Nov 24 09:49:44 HKT 2023

1: lo: <LOOPBACK,UP,LOWER_UP> mtu 65536 qdisc noqueue state UNKNOWN group default qlen 1000
    link/loopback 00:00:00:00:00:00 brd 00:00:00:00:00:00
    inet 127.0.0.1/8 scope host lo
       valid_lft forever preferred_lft forever
    inet6 ::1/128 scope host 
       valid_lft forever preferred_lft forever
2: ens192: <BROADCAST,MULTICAST,UP,LOWER_UP> mtu 1500 qdisc mq state UP group default qlen 1000
    link/ether 00:50:56:af:a0:40 brd ff:ff:ff:ff:ff:ff
    inet 10.1.4.119/16 brd 10.1.255.255 scope global noprefixroute ens192
       valid_lft forever preferred_lft forever
3: docker0: <BROADCAST,MULTICAST> mtu 1500 qdisc noqueue state DOWN group default 
    link/ether 02:42:f7:e3:95:9b brd ff:ff:ff:ff:ff:ff
5: veth2da8d09@if4: <BROADCAST,MULTICAST,UP,LOWER_UP> mtu 1500 qdisc noqueue state UP group default 
    link/ether ba:59:ea:db:86:f5 brd ff:ff:ff:ff:ff:ff link-netnsid 0
    inet6 fe80::b859:eaff:fedb:86f5/64 scope link 
       valid_lft forever preferred_lft forever
ens192:4be3cd11-56dc-4d5f-82b0-c04a0fde362f:802-3-ethernet:ens192
Fri Nov 24 09:49:51 HKT 2023

IP input: 10.10.10.10/16
